2025-05-09 02:33:08,439 - __main__ - INFO - Đã cấu hình logging với UTF-8 encoding
2025-05-09 02:33:08,439 - __main__ - INFO - Bắt đầu khởi động hệ thống...
2025-05-09 02:33:08,439 - __main__ - INFO - Đang kiểm tra các thư viện cần thiết...
2025-05-09 02:33:08,987 - __main__ - INFO - NumPy đã được cài đặt: 1.22.0
2025-05-09 02:33:10,453 - __main__ - INFO - PyTorch đã được cài đặt: 2.0.1+cpu
2025-05-09 02:33:10,455 - __main__ - WARNING - NumPy và PyTorch không tương thích: Numpy is not available
2025-05-09 02:33:10,455 - __main__ - INFO - Đang cài đặt lại NumPy phiên bản tương thích...
2025-05-09 02:33:31,698 - __main__ - INFO - Đã cài đặt lại NumPy phiên bản 1.22.0
2025-05-09 02:33:31,698 - __main__ - INFO - Đang khởi chạy backend...
2025-05-09 02:33:33,709 - __main__ - INFO - Đang khởi chạy frontend...
2025-05-09 02:34:50,862 - __main__ - INFO - Người dùng dừng chương trình
2025-05-09 02:34:50,877 - __main__ - INFO - Đã dừng tất cả các tiến trình
2025-05-09 02:34:55,881 - __main__ - INFO - Đã cấu hình logging với UTF-8 encoding
2025-05-09 02:34:55,881 - __main__ - INFO - Bắt đầu khởi động hệ thống...
2025-05-09 02:34:55,881 - __main__ - INFO - Đang kiểm tra các thư viện cần thiết...
2025-05-09 02:34:55,991 - __main__ - INFO - NumPy đã được cài đặt: 1.22.0
2025-05-09 02:34:57,335 - __main__ - INFO - PyTorch đã được cài đặt: 2.0.1+cpu
2025-05-09 02:34:57,351 - __main__ - WARNING - NumPy và PyTorch không tương thích: Numpy is not available
2025-05-09 02:34:57,351 - __main__ - INFO - Đang cài đặt lại NumPy phiên bản tương thích...
2025-05-09 02:35:07,861 - __main__ - INFO - Đã cài đặt lại NumPy phiên bản 1.22.0
2025-05-09 02:35:07,861 - __main__ - INFO - Đang khởi chạy backend...
2025-05-09 02:35:09,870 - __main__ - INFO - Đang khởi chạy frontend...
2025-05-09 02:35:51,442 - __main__ - INFO - Người dùng dừng chương trình
2025-05-09 02:35:51,442 - __main__ - INFO - Đã dừng tất cả các tiến trình
